****************************************
Report : constraint
	-all_violators
	-max_capacitance
	-min_capacitance
	-max_transition
Design : MYTOP
Version: V-2023.12-SP4-VAL-20240710
Date   : Mon Sep  9 12:42:06 2024
****************************************


   max_capacitance

                             Required        Actual
   Pin                      Capacitance    Capacitance       Slack
   -----------------------------------------------------------------
   U6/U3280/S                8.00000        8.88811       -0.88811  (VIOLATED)
   U1/U4737/CO               8.00000        8.51932       -0.51932  (VIOLATED)
   HFSINV_2909_2647/Y       16.00000       16.10089       -0.10089  (VIOLATED)
   U6/HFSBUF_429_1576/Y     32.00000       32.10033       -0.10033  (VIOLATED)
   HFSBUF_443_2178/Y        32.00000       32.09507       -0.09507  (VIOLATED)
   U9/ctmTdsLR_1_13945/Y     8.00000        8.08982       -0.08982  (VIOLATED)
   U6/HFSBUF_534_808/Y      32.00000       32.08612       -0.08612  (VIOLATED)
   U9/HFSBUF_386_2699/Y     32.00000       32.07737       -0.07737  (VIOLATED)
   U0/ctmTdsLR_1_23198/Y     8.00000        8.07574       -0.07574  (VIOLATED)
   U0/ctmTdsLR_1_22206/Y    16.00000       16.06078       -0.06078  (VIOLATED)
   gre_a_INV_162_inst_44154/Y
                             8.00000        8.05590       -0.05590  (VIOLATED)
   U0/ctmTdsLR_1_24852/Y     8.00000        8.04889       -0.04889  (VIOLATED)
   in1[46]                  32.00000       32.04715       -0.04715  (VIOLATED)
   ZBUF_17_inst_3275/Y      64.00000       64.04041       -0.04041  (VIOLATED)
   U6/ctmTdsLR_1_22500/Y     8.00000        8.03430       -0.03430  (VIOLATED)
   U1/ctmTdsLR_1_23811/Y    16.00000       16.03279       -0.03279  (VIOLATED)
   U1/ctmTdsLR_1_23802/Y    16.00000       16.02759       -0.02759  (VIOLATED)
   U9/U797/Y                 8.00000        8.01493       -0.01493  (VIOLATED)
   inD_reg_49_/Q             8.00000        8.00487       -0.00487  (VIOLATED)
   U0/ctmTdsLR_1_23457/Y    16.00000       16.00400       -0.00400  (VIOLATED)
   U6/ctmTdsLR_1_22900/Y    16.00000       16.00026       -0.00026  (VIOLATED)


1
