****************************************
Report : timing
	-path_type full
	-delay_type min
	-max_paths 1
	-sort_by slack
Design : MYTOP
Version: V-2023.12-SP4-VAL-20240710
Date   : Mon Sep  9 12:42:06 2024
****************************************


  Startpoint: U0/p2_reg_127_
               (rising edge-triggered flip-flop clocked by clk)
  Endpoint: U0/c_reg_127_
               (rising edge-triggered flip-flop clocked by clk)
  Last common pin: cts_inv_23288681/Y
  Path Group: clk
  Path Type: min

  Point                                                   Incr       Path
  ------------------------------------------------------------------------------
  clock clk (rise edge)                                0.00000    0.00000
  clock network delay (propagated)                     0.07590    0.07590
  U0/p2_reg_127_/CLK (DFFARX1_LVT)                     0.00000    0.07590 r
  U0/p2_reg_127_/Q (DFFARX1_LVT)                       0.12461 &  0.20051 f
  U0/c_reg_127_/D (DFFARX1_LVT)                        0.00001 &  0.20052 f
  data arrival time                                               0.20052

  clock clk (rise edge)                                0.00000    0.00000
  clock network delay (propagated)                     0.13675    0.13675
  clock reconvergence pessimism                       -0.00540    0.13134
  U0/c_reg_127_/CLK (DFFARX1_LVT)                                 0.13134 r
  library hold time                                   -0.00824    0.12310
  data required time                                              0.12310
  ------------------------------------------------------------------------------
  data required time                                              0.12310
  data arrival time                                              -0.20052
  ------------------------------------------------------------------------------
  slack (MET)                                                     0.07741


1
