****************************************
Report : constraint
Design : MYTOP
Version: S-2021.06-SP2
Date   : Mon Sep  9 12:05:29 2024
****************************************

                                                   Weighted
    Group (min_delay/hold)       Cost     Weight     Cost     Scenario
    --------------------------------------------------------------------
    **default**               0.00000   1.00000   0.00000     default
    **async_default**         0.00000   1.00000   0.00000     default
    **clock_gating_default**  0.00000   1.00000   0.00000     default
    **in2reg_default**        0.00000   0.10000   0.00000     default
    **reg2out_default**       0.00000   0.10000   0.00000     default
    **in2out_default**        0.00000   0.10000   0.00000     default
    clk                       0.06764   1.00000   0.06764     default
    --------------------------------------------------------------------
    min_delay/hold                                0.06764

                                                   Weighted
    Group (max_delay/setup)      Cost     Weight     Cost     Scenario
    --------------------------------------------------------------------
    **default**               0.00000   1.00000   0.00000     default
    **async_default**         0.00000   1.00000   0.00000     default
    **clock_gating_default**  0.00000   1.00000   0.00000     default
    **in2reg_default**        0.00000   0.10000   0.00000     default
    **reg2out_default**       0.00000   0.10000   0.00000     default
    **in2out_default**        0.00000   0.10000   0.00000     default
    clk                       0.00159   1.00000   0.00159     default
    --------------------------------------------------------------------
    max_delay/setup                               0.00159

    Constraint                                       Cost
    -----------------------------------------------------
    min_delay/hold                                0.06764  (VIOLATED)
    max_delay/setup                               0.00159  (VIOLATED)
    max_transition                                0.00000  (MET)
    max_capacitance                               0.84615  (VIOLATED)
    min_capacitance                               0.00000  (MET)
1
