****************************************
Report : constraint
        -all_violators
        -max_transition
        -max_capacitance
        -min_capacitance
Design : MYTOP
Version: S-2021.06-SP2
Date   : Mon Sep  9 12:05:29 2024
****************************************



   Mode: default Corner: default
   Scenario: default
  ---------------------------------------------------------------------------
   Number of max_transition violation(s): 0

   Mode: default Corner: default
   Scenario: default
   max_capacitance                                                             
                             Required        Actual                            
Net                      Capacitance    Capacitance       Slack  Violation			DRC %
  ---------------------------------------------------------------------------
U1/n7064                  8.0             8.09179         -0.09179     (VIOLATED)    1.15%
PIN : U1/U6239/Y          8.0             8.09179         -0.09179     (VIOLATED)    1.15%

U0/HFSNET_399             64.0            64.08448        -0.08447     (VIOLATED)    0.13%
     PIN : U0/HFSBUF_440_2071/Y
                          64.0            64.08448        -0.08447     (VIOLATED)    0.13%

inA[10]                   8.0             8.07658         -0.07658     (VIOLATED)    0.96%
PIN : inA_reg_10_/Q       8.0             8.07658         -0.07658     (VIOLATED)    0.96%

U1/n5298                  8.0             8.06322         -0.06322     (VIOLATED)    0.79%
PIN : U1/U4737/CO         8.0             8.06322         -0.06322     (VIOLATED)    0.79%

U6/n2465                  8.0             8.05744         -0.05744     (VIOLATED)    0.72%
PIN : U6/U2586/S          8.0             8.05744         -0.05744     (VIOLATED)    0.72%

U9/n5461                  8.0             8.05712         -0.05712     (VIOLATED)    0.71%
PIN : U9/U5057/CO         8.0             8.05712         -0.05712     (VIOLATED)    0.71%

U1/n5774                  16.0            16.05447        -0.05447     (VIOLATED)    0.34%
PIN : U1/U155/Y           16.0            16.05447        -0.05447     (VIOLATED)    0.34%

inA[48]                   8.0             8.05313         -0.05313     (VIOLATED)    0.66%
PIN : inA_reg_48_/Q       8.0             8.05313         -0.05313     (VIOLATED)    0.66%

U0/n3217                  8.0             8.04639         -0.04639     (VIOLATED)    0.58%
PIN : U0/U3095/Y          8.0             8.04639         -0.04639     (VIOLATED)    0.58%

inA[2]                    8.0             8.04207         -0.04207     (VIOLATED)    0.53%
PIN : inA_reg_2_/Q        8.0             8.04207         -0.04207     (VIOLATED)    0.53%

tmp_mult5[32]             8.0             8.03626         -0.03626     (VIOLATED)    0.45%
PIN : U7_tmp_reg_32_/Q    8.0             8.03626         -0.03626     (VIOLATED)    0.45%

U9/HFSNET_28              16.0            16.0333         -0.0333      (VIOLATED)    0.21%
     PIN : U9/HFSINV_4_269/Y
                          16.0            16.0333         -0.0333      (VIOLATED)    0.21%

U0/n6223                  8.0             8.02951         -0.02951     (VIOLATED)    0.37%
PIN : U0/U2125/Y          8.0             8.02951         -0.02951     (VIOLATED)    0.37%

U6/n6794                  8.0             8.02205         -0.02205     (VIOLATED)    0.28%
PIN : U6/U100/Y           8.0             8.02205         -0.02205     (VIOLATED)    0.28%

U9/n5596                  8.0             8.02111         -0.02111     (VIOLATED)    0.26%
PIN : U9/U5131/Y          8.0             8.02111         -0.02111     (VIOLATED)    0.26%

U6/n8578                  16.0            16.02036        -0.02036     (VIOLATED)    0.13%
PIN : U6/U280/Y           16.0            16.02036        -0.02036     (VIOLATED)    0.13%

inC[1]                    8.0             8.01831         -0.01831     (VIOLATED)    0.23%
PIN : inC_reg_1_/Q        8.0             8.01831         -0.01831     (VIOLATED)    0.23%

U9/n5243                  8.0             8.0163          -0.0163      (VIOLATED)    0.20%
PIN : U9/U4926/Y          8.0             8.0163          -0.0163      (VIOLATED)    0.20%

U1/HFSNET_593             32.0            32.0159         -0.0159      (VIOLATED)    0.05%
     PIN : U1/HFSINV_1740_2564/Y
                          32.0            32.0159         -0.0159      (VIOLATED)    0.05%

U9/n6342                  8.0             8.00334         -0.00334     (VIOLATED)    0.04%
PIN : U9/U1762/Y          8.0             8.00334         -0.00334     (VIOLATED)    0.04%

U0/n2535                  8.0             8.00306         -0.00306     (VIOLATED)    0.04%
PIN : U0/U1960/Y          8.0             8.00306         -0.00306     (VIOLATED)    0.04%

  ---------------------------------------------------------------------------
   Number of max_capacitance violation(s): 21

   Mode: default Corner: default
   Scenario: default
  ---------------------------------------------------------------------------
   Number of min_capacitance violation(s): 0

   Total number of violation(s): 21
1
