****************************************
Report : constraint
Design : MYTOP
Version: S-2021.06-SP2
Date   : Mon Sep  9 12:00:09 2024
****************************************

                                                   Weighted
    Group (min_delay/hold)       Cost     Weight     Cost     Scenario
    --------------------------------------------------------------------
    **default**               0.00000   1.00000   0.00000     default
    **async_default**         0.00000   1.00000   0.00000     default
    **clock_gating_default**  0.00000   1.00000   0.00000     default
    **in2reg_default**        0.00000   0.10000   0.00000     default
    **reg2out_default**       0.00000   0.10000   0.00000     default
    **in2out_default**        0.00000   0.10000   0.00000     default
    clk                       0.06926   1.00000   0.06926     default
    --------------------------------------------------------------------
    min_delay/hold                                0.06926

                                                   Weighted
    Group (max_delay/setup)      Cost     Weight     Cost     Scenario
    --------------------------------------------------------------------
    **default**               0.00000   1.00000   0.00000     default
    **async_default**         0.00000   1.00000   0.00000     default
    **clock_gating_default**  0.00000   1.00000   0.00000     default
    **in2reg_default**        0.00000   0.10000   0.00000     default
    **reg2out_default**       0.00000   0.10000   0.00000     default
    **in2out_default**        0.00000   0.10000   0.00000     default
    clk                       0.00000   1.00000   0.00000     default
    --------------------------------------------------------------------
    max_delay/setup                               0.00000

    Constraint                                       Cost
    -----------------------------------------------------
    min_delay/hold                                0.06926  (VIOLATED)
    max_delay/setup                               0.00000  (MET)
    max_transition                                0.00000  (MET)
    max_capacitance                              3134.96973  (VIOLATED)
    min_capacitance                               0.00000  (MET)
1
