****************************************
Report : design
Design : MYTOP
Version: S-2021.06-SP2
Date   : Mon Sep  9 12:24:31 2024
****************************************

Total number of std cells in library : 291
Total number of dont_use lib cells   : 11
Total number of dont_touch lib cells : 11
Total number of buffers              : 11
Total number of inverters            : 15
Total number of flip-flops           : 102
Total number of latches              : 12
Total number of ICGs                 : 12

Cell Instance Type  Count         Area
--------------------------------------
TOTAL LEAF CELLS    49181 137082.98630
Standard cells      49181 137082.98630
Hard macro cells        0      0.00000
Soft macro cells        0      0.00000
Always on cells         0      0.00000
Physical only           0      0.00000
Fixed cells             0      0.00000
Moveable cells      49181 137082.98630
Sequential           2180  15512.94976
Buffer/inverter     11084  19193.46317
ICG cells               0      0.00000

Logic Hierarchies                    : 4
Design Masters count                 : 64
Total Flat nets count                : 54826
Total FloatingNets count             : 76
Total no of Ports                    : 139
Number of Master Clocks in design    : 1
Number of Generated Clocks in design : 0
Number of Path Groups in design      : 8 (2 of them Non Default)
Number of Scan Chains in design      : 0
List of Modes                        : default
List of Corners                      : default
List of Scenarios                    : default

Core Area                            : 181977.26976
Chip Area                            : 217704.30976
Total Site Row Area                  : 181977.270
Number of Blockages                  : 0
Total area of Blockages              : 0.000
Number of Power Domains              : 1
Number of Voltage Areas              : 1
Number of Group Bounds               : 0
Number of Exclusive MoveBounds       : 0
Number of Hard or Soft MoveBounds    : 0
Number of Multibit Registers         : 0
Number of Multibit LS/ISO Cells      : 0
Number of Top Level RP Groups        : 0
Number of Tech Layers                : 71 (61 of them have unknown routing dir.)

Total wire length                    : 1070470.37200 micron
Total number of wires                : 478755
Total number of contacts             : 481301
1
