****************************************
Report : qor
        -summary
Design : MYTOP
Version: S-2021.06-SP2
Date   : Mon Sep  9 12:17:10 2024
****************************************
Information: Timer using 'CRPR'. (TIM-050)

Timing
---------------------------------------------------------------------------
Context                                 WNS            TNS            NVE
---------------------------------------------------------------------------
Design             (Setup)         -0.00100       -0.00100              1

Design             (Hold)           0.07951        0.00000              0
---------------------------------------------------------------------------

Miscellaneous
---------------------------------------------------------------------------
Cell Area (netlist):                        136738.11290
Cell Area (netlist and physical only):      136738.11300
Nets with DRC Violations:        1
1
