****************************************
Report : qor
        -summary
Design : MYTOP
Version: S-2021.06-SP2
Date   : Mon Sep  9 12:06:57 2024
****************************************
Information: Timer using 'CRPR'. (TIM-050)

Timing
---------------------------------------------------------------------------
Context                                 WNS            TNS            NVE
---------------------------------------------------------------------------
Design             (Setup)          0.18523        0.00000              0

Design             (Hold)           0.09909        0.00000              0
---------------------------------------------------------------------------

Miscellaneous
---------------------------------------------------------------------------
Cell Area (netlist):                        133817.74419
Cell Area (netlist and physical only):      133817.74400
Nets with DRC Violations:       26
1
