****************************************
Report : qor
        -summary
Design : MYTOP
Version: S-2021.06-SP2
Date   : Mon Sep  9 12:00:09 2024
****************************************

Timing
---------------------------------------------------------------------------
Context                                 WNS            TNS            NVE
---------------------------------------------------------------------------
Design             (Setup)          0.28472        0.00000              0

Design             (Hold)          -0.06926      -73.93191           1308
---------------------------------------------------------------------------

Miscellaneous
---------------------------------------------------------------------------
Cell Area (netlist):                        127606.71898
Cell Area (netlist and physical only):      127606.71900
Nets with DRC Violations:      950
1
