****************************************
Report : qor
        -summary
Design : MYTOP
Version: S-2021.06-SP2
Date   : Mon Sep  9 12:24:31 2024
****************************************
Information: Timer using 'AWP, CRPR'. (TIM-050)

Timing
---------------------------------------------------------------------------
Context                                 WNS            TNS            NVE
---------------------------------------------------------------------------
Design             (Setup)          0.00986        0.00000              0

Design             (Hold)           0.07991        0.00000              0
---------------------------------------------------------------------------

Miscellaneous
---------------------------------------------------------------------------
Cell Area (netlist):                        137082.98630
Cell Area (netlist and physical only):      137082.98600
Nets with DRC Violations:       23
1
