****************************************
Report : qor
        -summary
Design : MYTOP
Version: S-2021.06-SP2
Date   : Mon Sep  9 12:05:29 2024
****************************************

Timing
---------------------------------------------------------------------------
Context                                 WNS            TNS            NVE
---------------------------------------------------------------------------
Design             (Setup)         -0.00159       -0.00159              1

Design             (Hold)          -0.06764      -32.89490            990
---------------------------------------------------------------------------

Miscellaneous
---------------------------------------------------------------------------
Cell Area (netlist):                        133632.72736
Cell Area (netlist and physical only):      133632.72700
Nets with DRC Violations:       21
1
