Information: Derived library resistance unit is 999.999939 Kohm (Time unit is 1 ns, and Capacitance unit is 0.001000 pF). (DES-028)


****************************************
Report : read_parasitics /nfs/png/disks/MDC_Elite/2024/teohchee/try4/output/icc2/MYTOP.spef.minTLU_125.spef
Design : MYTOP
Version: V-2023.12-SP4-VAL-20240710
Date   : Mon Sep  9 12:46:36 2024
****************************************

        0 error(s)
        Format is SPEF
        Annotated nets                   :        54748
        Annotated capacitances           :      1067558
        Annotated resistances            :      1012810
        Reduced coupling capacitances    :            0
        Annotated PI models              :            0
        Annotated Elmore delays          :            0


****************************************
Report : annotated_parasitics
	-check
	-internal_nets
	-boundary_nets
	-driverless_nets
	-loadless_nets
	-pin_to_pin_nets
Design : MYTOP
Version: V-2023.12-SP4-VAL-20240710
Date   : Mon Sep  9 12:46:36 2024
****************************************

                    |         |         |         |   RC    |   Not   |
Net Type            |  Total  | Lumped  |  RC pi  | network |Annotated|
--------------------+---------+---------+---------+---------+---------+
Internal nets       |         |         |         |         |         |
  - Pin to pin nets |   54611 |       0 |       0 |   54611 |       0 |
  - Driverless nets |       0 |       0 |       0 |       0 |       0 |
  - Loadless nets   |       0 |       0 |       0 |       0 |       0 |
--------------------+---------+---------+---------+---------+---------+

Boundary/port nets  |         |         |         |         |         |
  - Pin to pin nets |     137 |       0 |       0 |     137 |       0 |
  - Driverless nets |       0 |       0 |       0 |       0 |       0 |
  - Loadless nets   |       0 |       0 |       0 |       0 |       0 |
--------------------+---------+---------+---------+---------+---------+

                    |   54748 |       0 |       0 |   54748 |       0 |


